This file contains any messages produced by compilers while
running configure, to aid debugging if configure makes a mistake.

It was created by Wine configure 2.0, which was
generated by GNU Autoconf 2.69.  Invocation command line was

  $ ../../configure 

## --------- ##
## Platform. ##
## --------- ##

hostname = iscas-VirtualBox
uname -m = x86_64
uname -r = 4.9.0-2-amd64
uname -s = Linux
uname -v = #1 SMP CDOS 4.9.13-1+1cdos16 (2017-04-17)

/usr/bin/uname -p = unknown
/bin/uname -X     = unknown

/bin/arch              = unknown
/usr/bin/arch -k       = unknown
/usr/convex/getsysinfo = unknown
/usr/bin/hostinfo      = unknown
/bin/machine           = unknown
/usr/bin/oslevel       = unknown
/bin/universe          = unknown

PATH: /usr/local/sbin
PATH: /usr/local/bin
PATH: /usr/sbin
PATH: /usr/bin
PATH: /sbin
PATH: /bin


## ----------- ##
## Core tests. ##
## ----------- ##

configure:3727: checking build system type
configure:3741: result: x86_64-pc-linux-gnu
configure:3761: checking host system type
configure:3774: result: x86_64-pc-linux-gnu
configure:3798: error: you are building out of the source tree, but the source tree contains object files.
You need to run 'make distclean' in the source tree first.

## ---------------- ##
## Cache variables. ##
## ---------------- ##

ac_cv_build=x86_64-pc-linux-gnu
ac_cv_env_CAPI20_CFLAGS_set=
ac_cv_env_CAPI20_CFLAGS_value=
ac_cv_env_CAPI20_LIBS_set=
ac_cv_env_CAPI20_LIBS_value=
ac_cv_env_CCC_set=
ac_cv_env_CCC_value=
ac_cv_env_CC_set=
ac_cv_env_CC_value=
ac_cv_env_CFLAGS_set=
ac_cv_env_CFLAGS_value=
ac_cv_env_CPPFLAGS_set=
ac_cv_env_CPPFLAGS_value=
ac_cv_env_CPP_set=
ac_cv_env_CPP_value=
ac_cv_env_CXXFLAGS_set=
ac_cv_env_CXXFLAGS_value=
ac_cv_env_CXX_set=
ac_cv_env_CXX_value=
ac_cv_env_DBUS_CFLAGS_set=
ac_cv_env_DBUS_CFLAGS_value=
ac_cv_env_DBUS_LIBS_set=
ac_cv_env_DBUS_LIBS_value=
ac_cv_env_FONTCONFIG_CFLAGS_set=
ac_cv_env_FONTCONFIG_CFLAGS_value=
ac_cv_env_FONTCONFIG_LIBS_set=
ac_cv_env_FONTCONFIG_LIBS_value=
ac_cv_env_FREETYPE_CFLAGS_set=
ac_cv_env_FREETYPE_CFLAGS_value=
ac_cv_env_FREETYPE_LIBS_set=
ac_cv_env_FREETYPE_LIBS_value=
ac_cv_env_GNUTLS_CFLAGS_set=
ac_cv_env_GNUTLS_CFLAGS_value=
ac_cv_env_GNUTLS_LIBS_set=
ac_cv_env_GNUTLS_LIBS_value=
ac_cv_env_GPHOTO2_CFLAGS_set=
ac_cv_env_GPHOTO2_CFLAGS_value=
ac_cv_env_GPHOTO2_LIBS_set=
ac_cv_env_GPHOTO2_LIBS_value=
ac_cv_env_GPHOTO2_PORT_CFLAGS_set=
ac_cv_env_GPHOTO2_PORT_CFLAGS_value=
ac_cv_env_GPHOTO2_PORT_LIBS_set=
ac_cv_env_GPHOTO2_PORT_LIBS_value=
ac_cv_env_GSTREAMER_CFLAGS_set=
ac_cv_env_GSTREAMER_CFLAGS_value=
ac_cv_env_GSTREAMER_LIBS_set=
ac_cv_env_GSTREAMER_LIBS_value=
ac_cv_env_HAL_CFLAGS_set=
ac_cv_env_HAL_CFLAGS_value=
ac_cv_env_HAL_LIBS_set=
ac_cv_env_HAL_LIBS_value=
ac_cv_env_JPEG_CFLAGS_set=
ac_cv_env_JPEG_CFLAGS_value=
ac_cv_env_JPEG_LIBS_set=
ac_cv_env_JPEG_LIBS_value=
ac_cv_env_LCMS2_CFLAGS_set=
ac_cv_env_LCMS2_CFLAGS_value=
ac_cv_env_LCMS2_LIBS_set=
ac_cv_env_LCMS2_LIBS_value=
ac_cv_env_LDFLAGS_set=
ac_cv_env_LDFLAGS_value=
ac_cv_env_LIBS_set=
ac_cv_env_LIBS_value=
ac_cv_env_MPG123_CFLAGS_set=
ac_cv_env_MPG123_CFLAGS_value=
ac_cv_env_MPG123_LIBS_set=
ac_cv_env_MPG123_LIBS_value=
ac_cv_env_NETAPI_CFLAGS_set=
ac_cv_env_NETAPI_CFLAGS_value=
ac_cv_env_NETAPI_LIBS_set=
ac_cv_env_NETAPI_LIBS_value=
ac_cv_env_PNG_CFLAGS_set=
ac_cv_env_PNG_CFLAGS_value=
ac_cv_env_PNG_LIBS_set=
ac_cv_env_PNG_LIBS_value=
ac_cv_env_PULSE_CFLAGS_set=
ac_cv_env_PULSE_CFLAGS_value=
ac_cv_env_PULSE_LIBS_set=
ac_cv_env_PULSE_LIBS_value=
ac_cv_env_SANE_CFLAGS_set=
ac_cv_env_SANE_CFLAGS_value=
ac_cv_env_SANE_LIBS_set=
ac_cv_env_SANE_LIBS_value=
ac_cv_env_TIFF_CFLAGS_set=
ac_cv_env_TIFF_CFLAGS_value=
ac_cv_env_TIFF_LIBS_set=
ac_cv_env_TIFF_LIBS_value=
ac_cv_env_UDEV_CFLAGS_set=
ac_cv_env_UDEV_CFLAGS_value=
ac_cv_env_UDEV_LIBS_set=
ac_cv_env_UDEV_LIBS_value=
ac_cv_env_XMKMF_set=
ac_cv_env_XMKMF_value=
ac_cv_env_XML2_CFLAGS_set=
ac_cv_env_XML2_CFLAGS_value=
ac_cv_env_XML2_LIBS_set=
ac_cv_env_XML2_LIBS_value=
ac_cv_env_XSLT_CFLAGS_set=
ac_cv_env_XSLT_CFLAGS_value=
ac_cv_env_XSLT_LIBS_set=
ac_cv_env_XSLT_LIBS_value=
ac_cv_env_build_alias_set=
ac_cv_env_build_alias_value=
ac_cv_env_host_alias_set=
ac_cv_env_host_alias_value=
ac_cv_env_target_alias_set=
ac_cv_env_target_alias_value=
ac_cv_host=x86_64-pc-linux-gnu

## ----------------- ##
## Output variables. ##
## ----------------- ##

ALL_TEST_RESOURCES=''
ALL_VARS_RULES=''
ALSA_LIBS=''
APPKIT_LIBS=''
APPLICATIONSERVICES_LIBS=''
AR=''
ARFLAGS=''
BISON=''
BUILTINFLAG=''
CAPI20_CFLAGS=''
CAPI20_LIBS=''
CARBON_LIBS=''
CC=''
CFLAGS=''
CONFIGURE_TARGETS=''
CONVERT=''
COREAUDIO_LIBS=''
COREFOUNDATION_LIBS=''
CORESERVICES_LIBS=''
CPP=''
CPPBIN=''
CPPFLAGS=''
CROSSCC=''
CROSSTARGET=''
CUPS_CFLAGS=''
CXX=''
CXXFLAGS=''
DBUS_CFLAGS=''
DBUS_LIBS=''
DEFS=''
DISABLED_SUBDIRS=''
DISKARBITRATION_LIBS=''
DLLFLAGS=''
DLLTOOL=''
DL_LIBS=''
ECHO_C=''
ECHO_N='-n'
ECHO_T=''
EGREP=''
EXCESS_PRECISION_CFLAGS=''
EXEEXT=''
EXTRACFLAGS=''
FLEX=''
FONTCONFIG_CFLAGS=''
FONTCONFIG_LIBS=''
FONTFORGE=''
FORCEFEEDBACK_LIBS=''
FREETYPE_CFLAGS=''
FREETYPE_LIBS=''
GETTEXTPO_LIBS=''
GNUTLS_CFLAGS=''
GNUTLS_LIBS=''
GPHOTO2_CFLAGS=''
GPHOTO2_LIBS=''
GPHOTO2_PORT_CFLAGS=''
GPHOTO2_PORT_LIBS=''
GREP=''
GSTREAMER_CFLAGS=''
GSTREAMER_LIBS=''
HAL_CFLAGS=''
HAL_LIBS=''
ICOTOOL=''
IOKIT_LIBS=''
JPEG_CFLAGS=''
JPEG_LIBS=''
KSTAT_LIBS=''
LCMS2_CFLAGS=''
LCMS2_LIBS=''
LD=''
LDAP_LIBS=''
LDCONFIG=''
LDD=''
LDEXECFLAGS=''
LDFLAGS=''
LDRPATH_INSTALL=''
LDRPATH_LOCAL=''
LIBOBJS=''
LIBS=''
LIBWINE_DEPENDS=''
LIBWINE_IMPORTLIB=''
LIBWINE_INSTALL_DEV=''
LIBWINE_INSTALL_LIB=''
LIBWINE_LDFLAGS=''
LIBWINE_SHAREDLIB=''
LN_S=''
LTLIBOBJS=''
MPG123_CFLAGS=''
MPG123_LIBS=''
MSGFMT=''
NETAPI_CFLAGS=''
NETAPI_LIBS=''
OBJEXT=''
OPENAL_LIBS=''
OPENCL_LIBS=''
OPENGL_LIBS=''
OSS4_CFLAGS=''
OTOOL=''
PACKAGE_BUGREPORT='wine-devel@winehq.org'
PACKAGE_NAME='Wine'
PACKAGE_STRING='Wine 2.0'
PACKAGE_TARNAME='wine'
PACKAGE_URL='http://www.winehq.org'
PACKAGE_VERSION='2.0'
PATH_SEPARATOR=':'
PCAP_LIBS=''
PKG_CONFIG=''
PNG_CFLAGS=''
PNG_LIBS=''
POLL_LIBS=''
PRELINK=''
PROCSTAT_LIBS=''
PTHREAD_LIBS=''
PULSE_CFLAGS=''
PULSE_LIBS=''
QUICKTIME_LIBS=''
RANLIB=''
READELF=''
RESOLV_LIBS=''
RSVG=''
RT_LIBS=''
SANE_CFLAGS=''
SANE_LIBS=''
SECURITY_LIBS=''
SET_MAKE=''
SHELL='/bin/bash'
SOCKET_LIBS=''
STRIP=''
SUBDIRS=''
TARGETFLAGS=''
TIFF_CFLAGS=''
TIFF_LIBS=''
TOOLSDIR=''
TOOLSEXT=''
UDEV_CFLAGS=''
UDEV_LIBS=''
UNWINDFLAGS=''
WINELOADER_DEPENDS=''
WINELOADER_INSTALL=''
WINELOADER_PROGRAMS=''
XMKMF=''
XML2_CFLAGS=''
XML2_LIBS=''
XSLT_CFLAGS=''
XSLT_LIBS=''
X_CFLAGS=''
X_EXTRA_LIBS=''
X_LIBS=''
X_PRE_LIBS=''
Z_LIBS=''
ac_ct_AR=''
ac_ct_CC=''
ac_ct_CXX=''
bindir='${exec_prefix}/bin'
build='x86_64-pc-linux-gnu'
build_alias=''
build_cpu='x86_64'
build_os='linux-gnu'
build_vendor='pc'
datadir='${datarootdir}'
datarootdir='${prefix}/share'
dlldir=''
docdir='${datarootdir}/doc/${PACKAGE_TARNAME}'
dvidir='${docdir}'
exec_prefix='NONE'
host='x86_64-pc-linux-gnu'
host_alias=''
host_cpu='x86_64'
host_os='linux-gnu'
host_vendor='pc'
htmldir='${docdir}'
includedir='${prefix}/include'
infodir='${datarootdir}/info'
libdir='${exec_prefix}/lib'
libexecdir='${exec_prefix}/libexec'
localedir='${datarootdir}/locale'
localstatedir='${prefix}/var'
mandir='${datarootdir}/man'
oldincludedir='/usr/include'
pdfdir='${docdir}'
prefix='NONE'
program_transform_name='s,x,x,'
psdir='${docdir}'
runstatedir='${localstatedir}/run'
sbindir='${exec_prefix}/sbin'
sharedstatedir='${prefix}/com'
sysconfdir='${prefix}/etc'
target_alias=''

## ----------- ##
## confdefs.h. ##
## ----------- ##

/* confdefs.h */
#define PACKAGE_NAME "Wine"
#define PACKAGE_TARNAME "wine"
#define PACKAGE_VERSION "2.0"
#define PACKAGE_STRING "Wine 2.0"
#define PACKAGE_BUGREPORT "wine-devel@winehq.org"
#define PACKAGE_URL "http://www.winehq.org"

configure: exit 1
